feb 22, 2024 7:49:02 P. M. jimenezfranciscoProyectoFinal.Servidor main
DETALLADO: El servidor esperando
feb 22, 2024 7:53:22 P. M. jimenezfranciscoProyectoFinal.Servidor main
DETALLADO: El servidor esperando
feb 22, 2024 7:54:30 P. M. jimenezfranciscoProyectoFinal.Servidor main
DETALLADO: El servidor esperando
feb 22, 2024 7:57:53 P. M. jimenezfranciscoProyectoFinal.Servidor main
DETALLADO: El servidor esperando
feb 22, 2024 7:58:56 P. M. jimenezfranciscoProyectoFinal.Servidor main
DETALLADO: El servidor esperando
feb 22, 2024 7:59:34 P. M. jimenezfranciscoProyectoFinal.Servidor main
DETALLADO: El servidor esperando
feb 22, 2024 8:00:44 P. M. jimenezfranciscoProyectoFinal.Servidor main
DETALLADO: El servidor esperando
feb 22, 2024 8:03:25 P. M. jimenezfranciscoProyectoFinal.Servidor main
DETALLADO: El servidor esperando
feb 22, 2024 8:04:08 P. M. jimenezfranciscoProyectoFinal.Servidor main
DETALLADO: El servidor esperando
feb 22, 2024 8:04:34 P. M. jimenezfranciscoProyectoFinal.Servidor main
DETALLADO: El servidor esperando
feb 22, 2024 8:05:04 P. M. jimenezfranciscoProyectoFinal.Servidor main
DETALLADO: El servidor esperando
feb 22, 2024 8:05:22 P. M. jimenezfranciscoProyectoFinal.Servidor main
DETALLADO: El servidor esperando
feb 22, 2024 8:08:50 P. M. jimenezfranciscoProyectoFinal.Servidor main
DETALLADO: El servidor esperando
feb 22, 2024 8:10:55 P. M. jimenezfranciscoProyectoFinal.Servidor main
DETALLADO: El servidor esperando
feb 22, 2024 8:12:46 P. M. jimenezfranciscoProyectoFinal.Servidor main
DETALLADO: El servidor esperando
feb 22, 2024 8:14:03 P. M. jimenezfranciscoProyectoFinal.Servidor main
DETALLADO: El servidor esperando
feb 22, 2024 8:15:02 P. M. jimenezfranciscoProyectoFinal.Servidor main
DETALLADO: El servidor esperando
feb 22, 2024 8:16:07 P. M. jimenezfranciscoProyectoFinal.Servidor main
DETALLADO: El servidor esperando
feb 22, 2024 8:17:41 P. M. jimenezfranciscoProyectoFinal.Servidor main
DETALLADO: El servidor esperando
feb 22, 2024 8:19:11 P. M. jimenezfranciscoProyectoFinal.Servidor main
DETALLADO: El servidor esperando
feb 22, 2024 8:20:58 P. M. jimenezfranciscoProyectoFinal.Servidor main
DETALLADO: El servidor esperando
feb 22, 2024 8:21:01 P. M. jimenezfranciscoProyectoFinal.Servidor main
DETALLADO: El servidor esperando
feb 22, 2024 8:22:38 P. M. jimenezfranciscoProyectoFinal.Servidor main
DETALLADO: El servidor esperando
feb 22, 2024 8:23:14 P. M. jimenezfranciscoProyectoFinal.Servidor opciones
DETALLADO: El servidor recibe el comando
feb 22, 2024 8:24:33 P. M. jimenezfranciscoProyectoFinal.Servidor main
DETALLADO: El servidor esperando
feb 22, 2024 8:24:47 P. M. jimenezfranciscoProyectoFinal.Servidor opciones
DETALLADO: El servidor recibe el comando
feb 22, 2024 8:26:32 P. M. jimenezfranciscoProyectoFinal.Servidor main
DETALLADO: El servidor esperando
feb 22, 2024 8:26:49 P. M. jimenezfranciscoProyectoFinal.Servidor opciones
DETALLADO: El servidor recibe el comando
feb 22, 2024 8:30:06 P. M. jimenezfranciscoProyectoFinal.Servidor main
DETALLADO: El servidor esperando
feb 22, 2024 8:30:45 P. M. jimenezfranciscoProyectoFinal.Servidor opciones
DETALLADO: El servidor recibe el comando
feb 22, 2024 8:32:42 P. M. jimenezfranciscoProyectoFinal.Servidor main
DETALLADO: El servidor esperando
feb 22, 2024 8:33:02 P. M. jimenezfranciscoProyectoFinal.Servidor opciones
DETALLADO: El servidor recibe el comando
feb 22, 2024 8:34:09 P. M. jimenezfranciscoProyectoFinal.Servidor main
DETALLADO: El servidor esperando
feb 22, 2024 8:34:32 P. M. jimenezfranciscoProyectoFinal.Servidor opciones
DETALLADO: El servidor recibe el comando
feb 22, 2024 8:37:21 P. M. jimenezfranciscoProyectoFinal.Servidor main
DETALLADO: El servidor esperando
feb 22, 2024 8:37:40 P. M. jimenezfranciscoProyectoFinal.Servidor opciones
DETALLADO: El servidor recibe el comando
feb 22, 2024 8:38:06 P. M. jimenezfranciscoProyectoFinal.Servidor opciones
DETALLADO: El servidor recibe el comando
feb 22, 2024 8:38:25 P. M. jimenezfranciscoProyectoFinal.Servidor main
DETALLADO: El servidor esperando
feb 22, 2024 8:38:59 P. M. jimenezfranciscoProyectoFinal.Servidor main
DETALLADO: El servidor esperando
feb 22, 2024 8:39:19 P. M. jimenezfranciscoProyectoFinal.Servidor opciones
DETALLADO: El servidor recibe el comando
feb 22, 2024 8:41:26 P. M. jimenezfranciscoProyectoFinal.Servidor main
DETALLADO: El servidor esperando
feb 22, 2024 8:41:41 P. M. jimenezfranciscoProyectoFinal.Servidor opciones
DETALLADO: El servidor recibe el comando
feb 22, 2024 8:41:52 P. M. jimenezfranciscoProyectoFinal.Servidor main
DETALLADO: El servidor esperando
feb 22, 2024 8:42:08 P. M. jimenezfranciscoProyectoFinal.Servidor opciones
DETALLADO: El servidor recibe el comando
feb 22, 2024 8:43:06 P. M. jimenezfranciscoProyectoFinal.Servidor main
DETALLADO: El servidor esperando
feb 22, 2024 8:43:27 P. M. jimenezfranciscoProyectoFinal.Servidor opciones
DETALLADO: El servidor recibe el comando
feb 22, 2024 8:43:33 P. M. jimenezfranciscoProyectoFinal.Servidor opciones
DETALLADO: El servidor recibe el comando
feb 22, 2024 8:43:40 P. M. jimenezfranciscoProyectoFinal.Servidor opciones
DETALLADO: El servidor recibe el comando
feb 22, 2024 8:43:44 P. M. jimenezfranciscoProyectoFinal.Servidor opciones
DETALLADO: El servidor recibe el comando
feb 22, 2024 8:44:15 P. M. jimenezfranciscoProyectoFinal.Servidor opciones
DETALLADO: El servidor recibe el comando
feb 22, 2024 8:44:16 P. M. jimenezfranciscoProyectoFinal.Servidor opciones
DETALLADO: El servidor recibe el comando
feb 22, 2024 8:44:17 P. M. jimenezfranciscoProyectoFinal.Servidor opciones
DETALLADO: El servidor recibe el comando
feb 22, 2024 8:44:17 P. M. jimenezfranciscoProyectoFinal.Servidor opciones
DETALLADO: El servidor recibe el comando
feb 22, 2024 8:44:18 P. M. jimenezfranciscoProyectoFinal.Servidor opciones
DETALLADO: El servidor recibe el comando
feb 22, 2024 8:44:18 P. M. jimenezfranciscoProyectoFinal.Servidor opciones
DETALLADO: El servidor recibe el comando
feb 22, 2024 8:44:19 P. M. jimenezfranciscoProyectoFinal.Servidor opciones
DETALLADO: El servidor recibe el comando
feb 22, 2024 8:44:19 P. M. jimenezfranciscoProyectoFinal.Servidor opciones
DETALLADO: El servidor recibe el comando
feb 22, 2024 8:44:21 P. M. jimenezfranciscoProyectoFinal.Servidor opciones
DETALLADO: El servidor recibe el comando
feb 22, 2024 8:44:21 P. M. jimenezfranciscoProyectoFinal.Servidor opciones
DETALLADO: El servidor recibe el comando
feb 22, 2024 8:44:22 P. M. jimenezfranciscoProyectoFinal.Servidor opciones
DETALLADO: El servidor recibe el comando
feb 22, 2024 8:44:22 P. M. jimenezfranciscoProyectoFinal.Servidor opciones
DETALLADO: El servidor recibe el comando
feb 22, 2024 8:44:23 P. M. jimenezfranciscoProyectoFinal.Servidor opciones
DETALLADO: El servidor recibe el comando
feb 22, 2024 8:44:23 P. M. jimenezfranciscoProyectoFinal.Servidor opciones
DETALLADO: El servidor recibe el comando
feb 22, 2024 8:44:24 P. M. jimenezfranciscoProyectoFinal.Servidor opciones
DETALLADO: El servidor recibe el comando
feb 22, 2024 8:44:26 P. M. jimenezfranciscoProyectoFinal.Servidor opciones
DETALLADO: El servidor recibe el comando
feb 22, 2024 8:44:27 P. M. jimenezfranciscoProyectoFinal.Servidor opciones
DETALLADO: El servidor recibe el comando
feb 22, 2024 8:44:28 P. M. jimenezfranciscoProyectoFinal.Servidor opciones
DETALLADO: El servidor recibe el comando
feb 22, 2024 8:44:28 P. M. jimenezfranciscoProyectoFinal.Servidor opciones
DETALLADO: El servidor recibe el comando
feb 22, 2024 8:44:29 P. M. jimenezfranciscoProyectoFinal.Servidor opciones
DETALLADO: El servidor recibe el comando
feb 22, 2024 8:44:29 P. M. jimenezfranciscoProyectoFinal.Servidor opciones
DETALLADO: El servidor recibe el comando
feb 22, 2024 8:44:30 P. M. jimenezfranciscoProyectoFinal.Servidor opciones
DETALLADO: El servidor recibe el comando
feb 22, 2024 8:44:31 P. M. jimenezfranciscoProyectoFinal.Servidor opciones
DETALLADO: El servidor recibe el comando
feb 22, 2024 8:44:32 P. M. jimenezfranciscoProyectoFinal.Servidor opciones
DETALLADO: El servidor recibe el comando
feb 22, 2024 8:44:32 P. M. jimenezfranciscoProyectoFinal.Servidor opciones
DETALLADO: El servidor recibe el comando
feb 22, 2024 8:44:33 P. M. jimenezfranciscoProyectoFinal.Servidor opciones
DETALLADO: El servidor recibe el comando
feb 22, 2024 8:44:34 P. M. jimenezfranciscoProyectoFinal.Servidor opciones
DETALLADO: El servidor recibe el comando
feb 22, 2024 8:44:34 P. M. jimenezfranciscoProyectoFinal.Servidor opciones
DETALLADO: El servidor recibe el comando
feb 22, 2024 8:44:35 P. M. jimenezfranciscoProyectoFinal.Servidor opciones
DETALLADO: El servidor recibe el comando
feb 22, 2024 8:44:39 P. M. jimenezfranciscoProyectoFinal.Servidor opciones
DETALLADO: El servidor recibe el comando
feb 22, 2024 8:44:57 P. M. jimenezfranciscoProyectoFinal.Servidor opciones
DETALLADO: El servidor recibe el comando
feb 22, 2024 8:45:00 P. M. jimenezfranciscoProyectoFinal.Servidor opciones
DETALLADO: El servidor recibe el comando
feb 22, 2024 8:45:25 P. M. jimenezfranciscoProyectoFinal.Servidor opciones
DETALLADO: El servidor recibe el comando
feb 22, 2024 8:45:36 P. M. jimenezfranciscoProyectoFinal.Servidor opciones
DETALLADO: El servidor recibe el comando
feb 22, 2024 8:45:40 P. M. jimenezfranciscoProyectoFinal.Servidor opciones
DETALLADO: El servidor recibe el comando
feb 22, 2024 8:46:15 P. M. jimenezfranciscoProyectoFinal.Servidor opciones
DETALLADO: El servidor recibe el comando
feb 22, 2024 8:50:07 P. M. jimenezfranciscoProyectoFinal.Servidor main
DETALLADO: El servidor esperando
feb 22, 2024 8:50:10 P. M. jimenezfranciscoProyectoFinal.Servidor main
DETALLADO: El servidor esperando
feb 22, 2024 8:50:59 P. M. jimenezfranciscoProyectoFinal.Servidor opciones
DETALLADO: El servidor recibe el comando
feb 22, 2024 8:51:47 P. M. jimenezfranciscoProyectoFinal.Servidor main
DETALLADO: El servidor esperando
feb 22, 2024 8:52:44 P. M. jimenezfranciscoProyectoFinal.Servidor opciones
DETALLADO: El servidor recibe el comando
feb 22, 2024 8:53:49 P. M. jimenezfranciscoProyectoFinal.Servidor main
DETALLADO: El servidor esperando
feb 22, 2024 8:54:04 P. M. jimenezfranciscoProyectoFinal.Servidor opciones
DETALLADO: El servidor recibe el comando
feb 22, 2024 8:55:38 P. M. jimenezfranciscoProyectoFinal.Servidor main
DETALLADO: El servidor esperando
feb 22, 2024 8:56:24 P. M. jimenezfranciscoProyectoFinal.Servidor opciones
DETALLADO: El servidor recibe el comando
feb 22, 2024 8:57:19 P. M. jimenezfranciscoProyectoFinal.Servidor main
DETALLADO: El servidor esperando
feb 22, 2024 8:57:34 P. M. jimenezfranciscoProyectoFinal.Servidor opciones
DETALLADO: El servidor recibe el comando
feb 22, 2024 9:05:00 P. M. jimenezfranciscoProyectoFinal.Servidor main
DETALLADO: El servidor esperando
feb 22, 2024 9:05:18 P. M. jimenezfranciscoProyectoFinal.Servidor opciones
DETALLADO: El servidor recibe el comando
feb 22, 2024 9:06:21 P. M. jimenezfranciscoProyectoFinal.Servidor main
DETALLADO: El servidor esperando
feb 22, 2024 9:06:42 P. M. jimenezfranciscoProyectoFinal.Servidor opciones
DETALLADO: El servidor recibe el comando
feb 22, 2024 9:12:34 P. M. jimenezfranciscoProyectoFinal.Servidor main
DETALLADO: El servidor esperando
feb 22, 2024 9:13:04 P. M. jimenezfranciscoProyectoFinal.Servidor opciones
DETALLADO: El servidor recibe el comando
feb 22, 2024 9:14:02 P. M. jimenezfranciscoProyectoFinal.Servidor main
DETALLADO: El servidor esperando
feb 22, 2024 9:14:14 P. M. jimenezfranciscoProyectoFinal.Servidor opciones
DETALLADO: El servidor recibe el comando
feb 23, 2024 7:31:15 P. M. jimenezfranciscoProyectoFinal.Servidor main
DETALLADO: El servidor esperando
feb 23, 2024 7:31:33 P. M. jimenezfranciscoProyectoFinal.Servidor opciones
DETALLADO: El servidor recibe el comando
feb 23, 2024 7:33:42 P. M. jimenezfranciscoProyectoFinal.Servidor main
DETALLADO: El servidor esperando
feb 23, 2024 7:33:57 P. M. jimenezfranciscoProyectoFinal.Servidor opciones
DETALLADO: El servidor recibe el comando
feb 23, 2024 7:41:40 P. M. jimenezfranciscoProyectoFinal.Servidor main
DETALLADO: El servidor esperando
feb 23, 2024 7:41:54 P. M. jimenezfranciscoProyectoFinal.Servidor opciones
DETALLADO: El servidor recibe el comando
feb 23, 2024 7:43:03 P. M. jimenezfranciscoProyectoFinal.Servidor main
DETALLADO: El servidor esperando
feb 23, 2024 7:43:37 P. M. jimenezfranciscoProyectoFinal.Servidor opciones
DETALLADO: El servidor recibe el comando
feb 23, 2024 7:45:42 P. M. jimenezfranciscoProyectoFinal.Servidor main
DETALLADO: El servidor esperando
feb 23, 2024 7:46:00 P. M. jimenezfranciscoProyectoFinal.Servidor opciones
DETALLADO: El servidor recibe el comando
feb 23, 2024 7:47:08 P. M. jimenezfranciscoProyectoFinal.Servidor main
DETALLADO: El servidor esperando
feb 23, 2024 7:47:23 P. M. jimenezfranciscoProyectoFinal.Servidor opciones
DETALLADO: El servidor recibe el comando
feb 23, 2024 7:48:02 P. M. jimenezfranciscoProyectoFinal.Servidor main
DETALLADO: El servidor esperando
feb 23, 2024 7:48:15 P. M. jimenezfranciscoProyectoFinal.Servidor opciones
DETALLADO: El servidor recibe el comando
feb 23, 2024 7:49:51 P. M. jimenezfranciscoProyectoFinal.Servidor main
DETALLADO: El servidor esperando
feb 23, 2024 7:50:01 P. M. jimenezfranciscoProyectoFinal.Servidor opciones
DETALLADO: El servidor recibe el comando
feb 23, 2024 7:51:07 P. M. jimenezfranciscoProyectoFinal.Servidor main
DETALLADO: El servidor esperando
feb 23, 2024 7:51:21 P. M. jimenezfranciscoProyectoFinal.Servidor opciones
DETALLADO: El servidor recibe el comando
feb 23, 2024 7:52:25 P. M. jimenezfranciscoProyectoFinal.Servidor main
DETALLADO: El servidor esperando
feb 23, 2024 7:52:40 P. M. jimenezfranciscoProyectoFinal.Servidor opciones
DETALLADO: El servidor recibe el comando
feb 23, 2024 7:53:23 P. M. jimenezfranciscoProyectoFinal.Servidor main
DETALLADO: El servidor esperando
feb 23, 2024 7:53:37 P. M. jimenezfranciscoProyectoFinal.Servidor opciones
DETALLADO: El servidor recibe el comando
feb 23, 2024 7:56:14 P. M. jimenezfranciscoProyectoFinal.Servidor main
DETALLADO: El servidor esperando
feb 23, 2024 7:56:29 P. M. jimenezfranciscoProyectoFinal.Servidor opciones
DETALLADO: El servidor recibe el comando
feb 23, 2024 7:58:39 P. M. jimenezfranciscoProyectoFinal.Servidor main
DETALLADO: El servidor esperando
feb 23, 2024 7:58:52 P. M. jimenezfranciscoProyectoFinal.Servidor opciones
DETALLADO: El servidor recibe el comando
feb 23, 2024 7:59:53 P. M. jimenezfranciscoProyectoFinal.Servidor main
DETALLADO: El servidor esperando
feb 23, 2024 8:00:15 P. M. jimenezfranciscoProyectoFinal.Servidor opciones
DETALLADO: El servidor recibe el comando
feb 23, 2024 8:13:37 P. M. jimenezfranciscoProyectoFinal.Servidor main
DETALLADO: El servidor esperando
feb 23, 2024 8:13:53 P. M. jimenezfranciscoProyectoFinal.Servidor opciones
DETALLADO: El servidor recibe el comando
feb 23, 2024 8:38:17 P. M. jimenezfranciscoProyectoFinal.Servidor main
DETALLADO: El servidor esperando
feb 23, 2024 8:38:35 P. M. jimenezfranciscoProyectoFinal.Servidor opciones
DETALLADO: El servidor recibe el comando
feb 23, 2024 8:39:39 P. M. jimenezfranciscoProyectoFinal.Servidor main
DETALLADO: El servidor esperando
feb 23, 2024 8:40:04 P. M. jimenezfranciscoProyectoFinal.Servidor opciones
DETALLADO: El servidor recibe el comando
feb 23, 2024 8:43:27 P. M. jimenezfranciscoProyectoFinal.Servidor main
DETALLADO: El servidor esperando
feb 23, 2024 8:43:30 P. M. jimenezfranciscoProyectoFinal.Servidor main
DETALLADO: El servidor esperando
feb 23, 2024 8:43:44 P. M. jimenezfranciscoProyectoFinal.Servidor opciones
DETALLADO: El servidor recibe el comando
feb 23, 2024 8:46:54 P. M. jimenezfranciscoProyectoFinal.Servidor main
DETALLADO: El servidor esperando
feb 23, 2024 8:47:11 P. M. jimenezfranciscoProyectoFinal.Servidor opciones
DETALLADO: El servidor recibe el comando
feb 23, 2024 8:48:51 P. M. jimenezfranciscoProyectoFinal.Servidor main
DETALLADO: El servidor esperando
feb 23, 2024 8:49:02 P. M. jimenezfranciscoProyectoFinal.Servidor opciones
DETALLADO: El servidor recibe el comando
feb 23, 2024 8:50:00 P. M. jimenezfranciscoProyectoFinal.Servidor main
DETALLADO: El servidor esperando
feb 23, 2024 8:50:13 P. M. jimenezfranciscoProyectoFinal.Servidor opciones
DETALLADO: El servidor recibe el comando
feb 23, 2024 8:50:33 P. M. jimenezfranciscoProyectoFinal.Servidor main
DETALLADO: El servidor esperando
feb 23, 2024 8:50:47 P. M. jimenezfranciscoProyectoFinal.Servidor opciones
DETALLADO: El servidor recibe el comando
feb 23, 2024 8:51:02 P. M. jimenezfranciscoProyectoFinal.Servidor main
DETALLADO: El servidor esperando
feb 23, 2024 8:51:17 P. M. jimenezfranciscoProyectoFinal.Servidor opciones
DETALLADO: El servidor recibe el comando
feb 23, 2024 8:52:12 P. M. jimenezfranciscoProyectoFinal.Servidor main
DETALLADO: El servidor esperando
feb 23, 2024 8:52:23 P. M. jimenezfranciscoProyectoFinal.Servidor opciones
DETALLADO: El servidor recibe el comando
feb 23, 2024 8:52:54 P. M. jimenezfranciscoProyectoFinal.Servidor main
DETALLADO: El servidor esperando
feb 23, 2024 8:53:02 P. M. jimenezfranciscoProyectoFinal.Servidor opciones
DETALLADO: El servidor recibe el comando
feb 23, 2024 8:53:09 P. M. jimenezfranciscoProyectoFinal.Servidor main
DETALLADO: El servidor esperando
feb 23, 2024 8:53:19 P. M. jimenezfranciscoProyectoFinal.Servidor opciones
DETALLADO: El servidor recibe el comando
feb 23, 2024 8:53:30 P. M. jimenezfranciscoProyectoFinal.Servidor main
DETALLADO: El servidor esperando
feb 23, 2024 8:53:39 P. M. jimenezfranciscoProyectoFinal.Servidor opciones
DETALLADO: El servidor recibe el comando
feb 23, 2024 8:53:54 P. M. jimenezfranciscoProyectoFinal.Servidor main
DETALLADO: El servidor esperando
feb 23, 2024 8:54:03 P. M. jimenezfranciscoProyectoFinal.Servidor opciones
DETALLADO: El servidor recibe el comando
feb 23, 2024 9:00:36 P. M. jimenezfranciscoProyectoFinal.Servidor main
DETALLADO: El servidor esperando
feb 23, 2024 9:00:48 P. M. jimenezfranciscoProyectoFinal.Servidor opciones
DETALLADO: El servidor recibe el comando
feb 23, 2024 9:03:42 P. M. jimenezfranciscoProyectoFinal.Servidor main
DETALLADO: El servidor esperando
feb 23, 2024 9:04:10 P. M. jimenezfranciscoProyectoFinal.Servidor opciones
DETALLADO: El servidor recibe el comando
feb 23, 2024 9:05:07 P. M. jimenezfranciscoProyectoFinal.Servidor main
DETALLADO: El servidor esperando
feb 23, 2024 9:05:23 P. M. jimenezfranciscoProyectoFinal.Servidor opciones
DETALLADO: El servidor recibe el comando
feb 23, 2024 9:05:47 P. M. jimenezfranciscoProyectoFinal.Servidor main
DETALLADO: El servidor esperando
feb 23, 2024 9:06:35 P. M. jimenezfranciscoProyectoFinal.Servidor main
DETALLADO: El servidor esperando
feb 23, 2024 9:06:58 P. M. jimenezfranciscoProyectoFinal.Servidor opciones
DETALLADO: El servidor recibe el comando
feb 23, 2024 9:09:22 P. M. jimenezfranciscoProyectoFinal.Servidor main
DETALLADO: El servidor esperando
feb 23, 2024 9:13:47 P. M. jimenezfranciscoProyectoFinal.Servidor main
DETALLADO: El servidor esperando
feb 23, 2024 9:14:30 P. M. jimenezfranciscoProyectoFinal.Servidor main
DETALLADO: El servidor esperando
feb 23, 2024 9:17:13 P. M. jimenezfranciscoProyectoFinal.Servidor main
DETALLADO: El servidor esperando
feb 23, 2024 9:17:47 P. M. jimenezfranciscoProyectoFinal.Servidor opciones
DETALLADO: El servidor recibe el comando
Feb 26, 2024 12:55:01 PM jimenezfranciscoProyectoFinal.Servidor main
FINE: El servidor esperando
Feb 26, 2024 12:57:25 PM jimenezfranciscoProyectoFinal.Servidor main
FINE: El servidor esperando
Feb 26, 2024 12:59:44 PM jimenezfranciscoProyectoFinal.Servidor main
FINE: El servidor esperando
Feb 26, 2024 1:00:25 PM jimenezfranciscoProyectoFinal.Servidor main
FINE: El servidor esperando
Feb 26, 2024 1:01:43 PM jimenezfranciscoProyectoFinal.Servidor main
FINE: El servidor esperando
Feb 26, 2024 1:04:34 PM jimenezfranciscoProyectoFinal.Servidor main
FINE: El servidor esperando
Feb 26, 2024 1:05:01 PM jimenezfranciscoProyectoFinal.Servidor main
FINE: El servidor esperando
Feb 26, 2024 1:06:33 PM jimenezfranciscoProyectoFinal.Servidor main
FINE: El servidor esperando
Feb 26, 2024 1:07:12 PM jimenezfranciscoProyectoFinal.Servidor main
FINE: El servidor esperando
Feb 26, 2024 1:07:34 PM jimenezfranciscoProyectoFinal.Servidor main
FINE: El servidor esperando
Feb 26, 2024 1:09:24 PM jimenezfranciscoProyectoFinal.Servidor main
FINE: El servidor esperando
Feb 26, 2024 1:11:16 PM jimenezfranciscoProyectoFinal.Servidor main
FINE: El servidor esperando
Feb 26, 2024 1:11:57 PM jimenezfranciscoProyectoFinal.Servidor main
FINE: El servidor esperando
Feb 26, 2024 1:27:51 PM jimenezfranciscoProyectoFinal.Servidor opciones
FINE: El servidor recibe el comando
Feb 26, 2024 1:30:51 PM jimenezfranciscoProyectoFinal.Servidor opciones
FINE: El servidor recibe el comando
Feb 26, 2024 1:36:44 PM jimenezfranciscoProyectoFinal.Servidor main
FINE: El servidor esperando
Feb 26, 2024 1:47:05 PM jimenezfranciscoProyectoFinal.Servidor main
FINE: El servidor esperando
Feb 26, 2024 3:33:10 PM jimenezfranciscoProyectoFinal.Servidor main
FINE: El servidor esperando
Feb 26, 2024 3:35:10 PM jimenezfranciscoProyectoFinal.Servidor main
FINE: El servidor esperando
Feb 26, 2024 3:49:32 PM jimenezfranciscoProyectoFinal.Servidor opciones
FINE: El servidor recibe el comando
Feb 26, 2024 3:54:51 PM jimenezfranciscoProyectoFinal.Servidor main
FINE: El servidor esperando
Feb 26, 2024 3:55:30 PM jimenezfranciscoProyectoFinal.Servidor main
FINE: El servidor esperando
Feb 26, 2024 4:02:12 PM jimenezfranciscoProyectoFinal.Servidor opciones
FINE: El servidor recibe el comando
Feb 26, 2024 4:02:28 PM jimenezfranciscoProyectoFinal.Servidor opciones
FINE: El servidor recibe el comando
Feb 26, 2024 4:04:02 PM jimenezfranciscoProyectoFinal.Servidor opciones
FINE: El servidor recibe el comando
Feb 26, 2024 4:04:11 PM jimenezfranciscoProyectoFinal.Servidor opciones
FINE: El servidor recibe el comando
Feb 26, 2024 4:18:09 PM jimenezfranciscoProyectoFinal.Servidor main
FINE: El servidor esperando
Feb 26, 2024 4:18:33 PM jimenezfranciscoProyectoFinal.Servidor opciones
FINE: El servidor recibe el comando
Feb 26, 2024 4:20:26 PM jimenezfranciscoProyectoFinal.Servidor main
FINE: El servidor esperando
Feb 26, 2024 4:20:52 PM jimenezfranciscoProyectoFinal.Servidor main
FINE: El servidor esperando
Feb 26, 2024 4:21:07 PM jimenezfranciscoProyectoFinal.Servidor main
FINE: El servidor esperando
Feb 26, 2024 4:21:36 PM jimenezfranciscoProyectoFinal.Servidor opciones
FINE: El servidor recibe el comando
Feb 26, 2024 4:22:27 PM jimenezfranciscoProyectoFinal.Servidor main
FINE: El servidor esperando
Feb 26, 2024 4:22:44 PM jimenezfranciscoProyectoFinal.Servidor opciones
FINE: El servidor recibe el comando
Feb 26, 2024 4:22:52 PM jimenezfranciscoProyectoFinal.Servidor opciones
FINE: El servidor recibe el comando
Feb 26, 2024 4:27:57 PM jimenezfranciscoProyectoFinal.Servidor opciones
FINE: El servidor recibe el comando
Feb 26, 2024 4:28:04 PM jimenezfranciscoProyectoFinal.Servidor opciones
FINE: El servidor recibe el comando
Feb 26, 2024 4:28:09 PM jimenezfranciscoProyectoFinal.Servidor opciones
FINE: El servidor recibe el comando
Feb 26, 2024 4:33:53 PM jimenezfranciscoProyectoFinal.Servidor opciones
FINE: El servidor recibe el comando
Feb 26, 2024 4:34:00 PM jimenezfranciscoProyectoFinal.Servidor opciones
FINE: El servidor recibe el comando
Feb 26, 2024 4:35:52 PM jimenezfranciscoProyectoFinal.Servidor main
FINE: El servidor esperando
Feb 26, 2024 4:36:11 PM jimenezfranciscoProyectoFinal.Servidor opciones
FINE: El servidor recibe el comando
Feb 26, 2024 4:36:50 PM jimenezfranciscoProyectoFinal.Servidor main
FINE: El servidor esperando
Feb 26, 2024 4:37:10 PM jimenezfranciscoProyectoFinal.Servidor opciones
FINE: El servidor recibe el comando
Feb 26, 2024 4:38:15 PM jimenezfranciscoProyectoFinal.Servidor main
FINE: El servidor esperando
Feb 26, 2024 4:38:38 PM jimenezfranciscoProyectoFinal.Servidor opciones
FINE: El servidor recibe el comando
Feb 26, 2024 4:39:44 PM jimenezfranciscoProyectoFinal.Servidor main
FINE: El servidor esperando
Feb 26, 2024 4:40:02 PM jimenezfranciscoProyectoFinal.Servidor opciones
FINE: El servidor recibe el comando
Feb 26, 2024 4:40:51 PM jimenezfranciscoProyectoFinal.Servidor main
FINE: El servidor esperando
Feb 26, 2024 4:41:07 PM jimenezfranciscoProyectoFinal.Servidor opciones
FINE: El servidor recibe el comando
Feb 26, 2024 4:41:15 PM jimenezfranciscoProyectoFinal.Servidor opciones
FINE: El servidor recibe el comando
Feb 26, 2024 4:41:17 PM jimenezfranciscoProyectoFinal.Servidor opciones
FINE: El servidor recibe el comando
Feb 26, 2024 4:42:25 PM jimenezfranciscoProyectoFinal.Servidor opciones
FINE: El servidor recibe el comando
Feb 26, 2024 4:54:23 PM jimenezfranciscoProyectoFinal.Servidor main
FINE: El servidor esperando
Feb 26, 2024 4:54:42 PM jimenezfranciscoProyectoFinal.Servidor opciones
FINE: El servidor recibe el comando
Feb 26, 2024 4:54:58 PM jimenezfranciscoProyectoFinal.Servidor main
FINE: El servidor esperando
Feb 26, 2024 4:55:11 PM jimenezfranciscoProyectoFinal.Servidor opciones
FINE: El servidor recibe el comando
Feb 26, 2024 4:55:22 PM jimenezfranciscoProyectoFinal.Servidor main
FINE: El servidor esperando
Feb 26, 2024 4:55:37 PM jimenezfranciscoProyectoFinal.Servidor opciones
FINE: El servidor recibe el comando
Feb 26, 2024 4:55:44 PM jimenezfranciscoProyectoFinal.Servidor opciones
FINE: El servidor recibe el comando
Feb 26, 2024 5:01:14 PM jimenezfranciscoProyectoFinal.Servidor main
FINE: El servidor esperando
Feb 26, 2024 5:01:30 PM jimenezfranciscoProyectoFinal.Servidor opciones
FINE: El servidor recibe el comando
Feb 26, 2024 5:01:33 PM jimenezfranciscoProyectoFinal.Servidor opciones
FINE: El servidor recibe el comando
Feb 26, 2024 5:03:29 PM jimenezfranciscoProyectoFinal.Servidor main
FINE: El servidor esperando
Feb 26, 2024 5:03:44 PM jimenezfranciscoProyectoFinal.Servidor opciones
FINE: El servidor recibe el comando
Feb 26, 2024 5:08:36 PM jimenezfranciscoProyectoFinal.Servidor opciones
FINE: El servidor recibe el comando
Feb 26, 2024 5:11:48 PM jimenezfranciscoProyectoFinal.Servidor main
FINE: El servidor esperando
Feb 26, 2024 5:12:04 PM jimenezfranciscoProyectoFinal.Servidor opciones
FINE: El servidor recibe el comando
mar 04, 2024 3:54:33 P. M. jimenezfranciscoProyectoFinal.Servidor main
DETALLADO: El servidor esperando
mar 04, 2024 3:55:04 P. M. jimenezfranciscoProyectoFinal.Servidor main
DETALLADO: El servidor esperando
mar 04, 2024 3:57:32 P. M. jimenezfranciscoProyectoFinal.Servidor main
DETALLADO: El servidor esperando
mar 04, 2024 4:04:40 P. M. jimenezfranciscoProyectoFinal.Servidor main
DETALLADO: El servidor esperando
mar 04, 2024 4:29:17 P. M. jimenezfranciscoProyectoFinal.Servidor main
DETALLADO: El servidor esperando
mar 04, 2024 4:43:13 P. M. jimenezfranciscoProyectoFinal.Servidor opciones
DETALLADO: El servidor recibe el comando
mar 04, 2024 4:43:24 P. M. jimenezfranciscoProyectoFinal.Servidor opciones
DETALLADO: El servidor recibe el comando
mar 04, 2024 4:44:08 P. M. jimenezfranciscoProyectoFinal.Servidor main
DETALLADO: El servidor esperando
mar 04, 2024 4:44:48 P. M. jimenezfranciscoProyectoFinal.Servidor opciones
DETALLADO: El servidor recibe el comando
mar 04, 2024 4:45:38 P. M. jimenezfranciscoProyectoFinal.Servidor main
DETALLADO: El servidor esperando
mar 04, 2024 4:45:57 P. M. jimenezfranciscoProyectoFinal.Servidor opciones
DETALLADO: El servidor recibe el comando
mar 04, 2024 4:46:18 P. M. jimenezfranciscoProyectoFinal.Servidor opciones
DETALLADO: El servidor recibe el comando
mar 04, 2024 5:04:18 P. M. jimenezfranciscoProyectoFinal.Servidor main
DETALLADO: El servidor esperando
mar 04, 2024 5:08:04 P. M. jimenezfranciscoProyectoFinal.Servidor main
DETALLADO: El servidor esperando
mar 04, 2024 5:08:18 P. M. jimenezfranciscoProyectoFinal.Servidor opciones
DETALLADO: El servidor recibe el comando
mar 04, 2024 5:08:40 P. M. jimenezfranciscoProyectoFinal.Servidor opciones
DETALLADO: El servidor recibe el comando
mar 04, 2024 5:09:28 P. M. jimenezfranciscoProyectoFinal.Servidor main
DETALLADO: El servidor esperando
mar 04, 2024 5:09:45 P. M. jimenezfranciscoProyectoFinal.Servidor opciones
DETALLADO: El servidor recibe el comando
mar 04, 2024 5:10:23 P. M. jimenezfranciscoProyectoFinal.Servidor main
DETALLADO: El servidor esperando
mar 04, 2024 5:10:42 P. M. jimenezfranciscoProyectoFinal.Servidor opciones
DETALLADO: El servidor recibe el comando
mar 04, 2024 5:11:12 P. M. jimenezfranciscoProyectoFinal.Servidor main
DETALLADO: El servidor esperando
mar 04, 2024 5:11:32 P. M. jimenezfranciscoProyectoFinal.Servidor opciones
DETALLADO: El servidor recibe el comando
mar 04, 2024 5:11:40 P. M. jimenezfranciscoProyectoFinal.Servidor main
DETALLADO: El servidor esperando
mar 04, 2024 5:11:58 P. M. jimenezfranciscoProyectoFinal.Servidor opciones
DETALLADO: El servidor recibe el comando
mar 04, 2024 5:12:57 P. M. jimenezfranciscoProyectoFinal.Servidor main
DETALLADO: El servidor esperando
mar 04, 2024 5:13:09 P. M. jimenezfranciscoProyectoFinal.Servidor opciones
DETALLADO: El servidor recibe el comando
mar 04, 2024 5:13:44 P. M. jimenezfranciscoProyectoFinal.Servidor main
DETALLADO: El servidor esperando
mar 04, 2024 5:15:00 P. M. jimenezfranciscoProyectoFinal.Servidor main
DETALLADO: El servidor esperando
mar 04, 2024 5:15:13 P. M. jimenezfranciscoProyectoFinal.Servidor opciones
DETALLADO: El servidor recibe el comando
mar 04, 2024 5:15:22 P. M. jimenezfranciscoProyectoFinal.Servidor main
DETALLADO: El servidor esperando
mar 04, 2024 5:16:29 P. M. jimenezfranciscoProyectoFinal.Servidor opciones
DETALLADO: El servidor recibe el comando
mar 04, 2024 5:16:52 P. M. jimenezfranciscoProyectoFinal.Servidor main
DETALLADO: El servidor esperando
mar 04, 2024 5:17:06 P. M. jimenezfranciscoProyectoFinal.Servidor opciones
DETALLADO: El servidor recibe el comando
mar 04, 2024 5:17:22 P. M. jimenezfranciscoProyectoFinal.Servidor opciones
DETALLADO: El servidor recibe el comando
mar 04, 2024 5:17:41 P. M. jimenezfranciscoProyectoFinal.Servidor opciones
DETALLADO: El servidor recibe el comando
mar 04, 2024 5:41:34 P. M. jimenezfranciscoProyectoFinal.Servidor opciones
DETALLADO: El servidor recibe el comando
